2018-04-14 11:06:08.293 [error] <0.266.0> Supervisor backend_sup had child dsp_port started with dsp_port:start_link() at <0.267.0> exit with reason normal in context shutdown_error
2018-04-14 11:07:44.855 [error] <0.270.0> Supervisor backend_sup had child dsp_port started with dsp_port:start_link() at <0.271.0> exit with reason normal in context shutdown_error
2018-04-14 11:11:26.877 [error] <0.266.0> Supervisor backend_sup had child dsp_port started with dsp_port:start_link() at <0.267.0> exit with reason normal in context shutdown_error
2018-04-14 11:17:57.680 [error] <0.266.0> Supervisor backend_sup had child dsp_port started with dsp_port:start_link() at <0.267.0> exit with reason normal in context shutdown_error
2018-04-14 11:19:22.464 [error] <0.266.0> Supervisor backend_sup had child dsp_port started with dsp_port:start_link() at <0.267.0> exit with reason normal in context shutdown_error
2018-04-14 11:24:35.773 [error] <0.266.0> Supervisor backend_sup had child dsp_port started with dsp_port:start_link() at <0.267.0> exit with reason normal in context shutdown_error
2018-04-14 11:48:06.613 [error] <0.266.0> Supervisor backend_sup had child dsp_port started with dsp_port:start_link() at <0.267.0> exit with reason normal in context shutdown_error
2018-04-14 12:26:06.016 [error] emulator Error in process <0.320.0> on node backend@iMac with exit value:
{[{reason,badarg},{mfa,{backend_handler,websocket_init,3}},{stacktrace,[{erlang,register,[backend_handler,<0.320.0>],[]},{backend_handler,websocket_init,3,[{file,"src/backend_handler.erl"},{line,32}]},{cowboy_websocket,handler_init,3,[{file,"src/cowboy_websocket.erl"},{line,131}]},{cowboy_protocol,execute,4,[{file,"src/cowboy_protocol.erl"},{line,435}]}]},{req,[{socket,#Port<0.5354>},{transport,ranch_tcp},{connection,keepalive},{pid,<0.320.0>},{method,<<"GET">>},{version,'HTTP/1.1'},{peer,{{192,168,1,184},52684}},{host,<<"192.168.1.215">>},{host_info,undefined},{port,10100},{path,<<"/websocket">>},{path_info,undefined},{qs,<<>>},{qs_vals,undefined},{bindings,[]},{headers,[{<<"host">>,<<"192.168.1.215:10100">>},{<<"upgrade">>,<<"websocket">>},{<<"connection">>,<<"Upgrade">>},{<<"sec-websocket-key">>,<<"E6A8+NaXlu9rNVOqDt4nSQ==">>},{<<"sec-websocket-version">>,<<"13">>}]},{p_headers,[{<<"upgrade">>,[<<"websocket">>]},{<<"connection">>,[<<"upgrade">>]}]},{cookies,undefined},{meta,[{websocket_version,13},{websocket_compress,false}]},{body_state,waiting},{buffer,<<>>},{multipart,undefined},{resp_compress,false},{resp_state,waiting},{resp_headers,[]},{resp_body,<<>>},{onresponse,undefined}]},{opts,[]}],[{cowboy_websocket,handler_init,3,[{file,"src/cowboy_websocket.erl"},{line,149}]},{cowboy_protocol,execute,4,[{file,"src/cowboy_protocol.erl"},{line,435}]}]}
2018-04-14 12:26:06.017 [error] <0.320.0> Ranch listener http terminated in backend_handler:websocket_init/3 with reason: bad argument in call to erlang:register(backend_handler, <0.320.0>) in backend_handler:websocket_init/3 line 32
2018-04-14 15:50:10.110 [error] <0.266.0> Supervisor backend_sup had child dsp_port started with dsp_port:start_link() at <0.267.0> exit with reason normal in context shutdown_error
2018-04-14 15:56:27.664 [error] emulator Error in process <0.275.0> on node backend@iMac with exit value:
{{badmatch,undefined},[{dsp_port,loop,1,[{file,"src/dsp_port.erl"},{line,92}]}]}
2018-04-14 15:56:27.664 [error] <0.274.0> Supervisor backend_sup had child dsp_port started with dsp_port:start_link() at <0.275.0> exit with reason no match of right hand value undefined in dsp_port:loop/1 line 92 in context child_terminated
2018-04-14 15:56:28.069 [error] emulator Error in process <0.288.0> on node backend@iMac with exit value:
{{badmatch,undefined},[{dsp_port,loop,1,[{file,"src/dsp_port.erl"},{line,92}]}]}
2018-04-14 15:56:28.069 [error] <0.274.0> Supervisor backend_sup had child dsp_port started with dsp_port:start_link() at <0.288.0> exit with reason no match of right hand value undefined in dsp_port:loop/1 line 92 in context child_terminated
2018-04-14 15:56:28.471 [error] emulator Error in process <0.289.0> on node backend@iMac with exit value:
{{badmatch,undefined},[{dsp_port,loop,1,[{file,"src/dsp_port.erl"},{line,92}]}]}
2018-04-14 15:56:28.471 [error] <0.274.0> Supervisor backend_sup had child dsp_port started with dsp_port:start_link() at <0.289.0> exit with reason no match of right hand value undefined in dsp_port:loop/1 line 92 in context child_terminated
2018-04-14 15:56:28.872 [error] <0.274.0> Supervisor backend_sup had child dsp_port started with dsp_port:start_link() at <0.290.0> exit with reason no match of right hand value undefined in dsp_port:loop/1 line 92 in context child_terminated
2018-04-14 15:56:28.873 [error] emulator Error in process <0.290.0> on node backend@iMac with exit value:
{{badmatch,undefined},[{dsp_port,loop,1,[{file,"src/dsp_port.erl"},{line,92}]}]}
2018-04-14 15:56:29.272 [error] emulator Error in process <0.291.0> on node backend@iMac with exit value:
{{badmatch,undefined},[{dsp_port,loop,1,[{file,"src/dsp_port.erl"},{line,92}]}]}
2018-04-14 15:56:29.272 [error] <0.274.0> Supervisor backend_sup had child dsp_port started with dsp_port:start_link() at <0.291.0> exit with reason no match of right hand value undefined in dsp_port:loop/1 line 92 in context child_terminated
2018-04-14 15:56:29.699 [error] emulator Error in process <0.292.0> on node backend@iMac with exit value:
{{badmatch,undefined},[{dsp_port,loop,1,[{file,"src/dsp_port.erl"},{line,92}]}]}
2018-04-14 15:56:29.699 [error] <0.274.0> Supervisor backend_sup had child dsp_port started with dsp_port:start_link() at <0.292.0> exit with reason no match of right hand value undefined in dsp_port:loop/1 line 92 in context child_terminated
2018-04-14 15:56:29.699 [error] <0.274.0> Supervisor backend_sup had child dsp_port started with dsp_port:start_link() at <0.292.0> exit with reason reached_max_restart_intensity in context shutdown
2018-04-14 15:56:49.113 [error] <0.266.0> Supervisor backend_sup had child dsp_port started with dsp_port:start_link() at <0.281.0> exit with reason no match of right hand value undefined in dsp_port:loop/1 line 92 in context child_terminated
2018-04-14 15:56:49.113 [error] emulator Error in process <0.281.0> on node backend@iMac with exit value:
{{badmatch,undefined},[{dsp_port,loop,1,[{file,"src/dsp_port.erl"},{line,92}]}]}
2018-04-14 15:56:49.448 [error] <0.266.0> Supervisor backend_sup had child dsp_port started with dsp_port:start_link() at <0.282.0> exit with reason no match of right hand value undefined in dsp_port:loop/1 line 92 in context child_terminated
2018-04-14 15:56:49.448 [error] emulator Error in process <0.282.0> on node backend@iMac with exit value:
{{badmatch,undefined},[{dsp_port,loop,1,[{file,"src/dsp_port.erl"},{line,92}]}]}
2018-04-14 15:56:49.788 [error] <0.266.0> Supervisor backend_sup had child dsp_port started with dsp_port:start_link() at <0.283.0> exit with reason no match of right hand value undefined in dsp_port:loop/1 line 92 in context child_terminated
2018-04-14 15:56:49.788 [error] emulator Error in process <0.283.0> on node backend@iMac with exit value:
{{badmatch,undefined},[{dsp_port,loop,1,[{file,"src/dsp_port.erl"},{line,92}]}]}
2018-04-14 15:56:50.121 [error] <0.266.0> Supervisor backend_sup had child dsp_port started with dsp_port:start_link() at <0.284.0> exit with reason no match of right hand value undefined in dsp_port:loop/1 line 92 in context child_terminated
2018-04-14 15:56:50.121 [error] <0.266.0> Supervisor backend_sup had child dsp_port started with dsp_port:start_link() at <0.284.0> exit with reason reached_max_restart_intensity in context shutdown
2018-04-14 15:56:50.121 [error] emulator Error in process <0.284.0> on node backend@iMac with exit value:
{{badmatch,undefined},[{dsp_port,loop,1,[{file,"src/dsp_port.erl"},{line,92}]}]}
2018-04-25 13:05:48.815 [error] <0.268.0> Supervisor backend_sup had child dsp_port started with dsp_port:start_link() at <0.271.0> exit with reason normal in context shutdown_error
2018-04-25 13:05:48.816 [error] <0.268.0> Supervisor backend_sup had child pa_control_port started with pa_control_port:start_link() at <0.270.0> exit with reason normal in context shutdown_error
2018-04-25 13:05:48.816 [error] <0.268.0> Supervisor backend_sup had child radio_control_port started with radio_control_port:start_link() at <0.269.0> exit with reason normal in context shutdown_error
2018-04-25 18:04:55.931 [error] <0.266.0> Supervisor backend_sup had child pa_control_port started with pa_control_port:start_link() at <0.268.0> exit with reason normal in context shutdown_error
2018-04-25 18:04:55.931 [error] <0.266.0> Supervisor backend_sup had child radio_control_port started with radio_control_port:start_link() at <0.267.0> exit with reason normal in context shutdown_error
2018-04-27 09:38:46.846 [error] <0.277.0> gen_fsm ale in state idle terminated with reason: no case clause matching {aborted,{no_exists,self_address}} in modem_db:read_self_address/1 line 198
2018-04-27 09:38:46.898 [error] <0.277.0> CRASH REPORT Process ale with 0 neighbours exited with reason: no case clause matching {aborted,{no_exists,self_address}} in modem_db:read_self_address/1 line 198 in gen_fsm:terminate/7 line 602
2018-04-27 09:38:46.898 [error] <0.274.0> Supervisor backend_sup had child ale started with ale:start_link() at <0.277.0> exit with reason no case clause matching {aborted,{no_exists,self_address}} in modem_db:read_self_address/1 line 198 in context child_terminated
2018-04-27 09:41:38.171 [error] <0.274.0> Supervisor backend_sup had child pa_control_port started with pa_control_port:start_link() at <0.276.0> exit with reason normal in context shutdown_error
2018-04-27 09:41:38.171 [error] <0.274.0> Supervisor backend_sup had child radio_control_port started with radio_control_port:start_link() at <0.275.0> exit with reason normal in context shutdown_error
2018-04-27 09:43:55.785 [error] <0.270.0> Supervisor backend_sup had child pa_control_port started with pa_control_port:start_link() at <0.272.0> exit with reason normal in context shutdown_error
2018-04-27 09:43:55.786 [error] <0.270.0> Supervisor backend_sup had child radio_control_port started with radio_control_port:start_link() at <0.271.0> exit with reason normal in context shutdown_error
2018-04-27 09:58:22.524 [error] <0.266.0> Supervisor backend_sup had child pa_control_port started with pa_control_port:start_link() at <0.268.0> exit with reason normal in context shutdown_error
2018-04-27 09:58:22.524 [error] <0.266.0> Supervisor backend_sup had child radio_control_port started with radio_control_port:start_link() at <0.267.0> exit with reason normal in context shutdown_error
2018-04-27 10:20:35.707 [error] <0.279.0>@ale:call_wait_response_tx_complete:1137 call_wait_response_tx_complete: datalink timeout: check modem!
2018-04-27 10:49:20.563 [error] <0.276.0> Supervisor backend_sup had child pa_control_port started with pa_control_port:start_link() at <0.278.0> exit with reason normal in context shutdown_error
2018-04-27 10:49:20.563 [error] <0.276.0> Supervisor backend_sup had child radio_control_port started with radio_control_port:start_link() at <0.277.0> exit with reason normal in context shutdown_error
2018-04-27 11:41:35.488 [error] <0.276.0> Supervisor backend_sup had child pa_control_port started with pa_control_port:start_link() at <0.278.0> exit with reason normal in context shutdown_error
2018-04-27 11:41:35.489 [error] <0.276.0> Supervisor backend_sup had child radio_control_port started with radio_control_port:start_link() at <0.277.0> exit with reason normal in context shutdown_error
2018-04-27 11:42:13.488 [error] <0.279.0> gen_fsm ale in state idle terminated with reason: no case clause matching {ok,{self_address,"K6DRS",own,none,[],[all],default}} in ale:idle/2 line 388
2018-04-27 11:42:13.507 [error] <0.279.0> CRASH REPORT Process ale with 0 neighbours exited with reason: no case clause matching {ok,{self_address,"K6DRS",own,none,[],[all],default}} in ale:idle/2 line 388 in gen_fsm:terminate/7 line 602
2018-04-27 11:42:13.507 [error] <0.276.0> Supervisor backend_sup had child ale started with ale:start_link() at <0.279.0> exit with reason no case clause matching {ok,{self_address,"K6DRS",own,none,[],[all],default}} in ale:idle/2 line 388 in context child_terminated
2018-04-27 11:44:57.284 [error] <0.276.0> Supervisor backend_sup had child pa_control_port started with pa_control_port:start_link() at <0.278.0> exit with reason normal in context shutdown_error
2018-04-27 11:44:57.284 [error] <0.276.0> Supervisor backend_sup had child radio_control_port started with radio_control_port:start_link() at <0.277.0> exit with reason normal in context shutdown_error
2018-04-27 11:46:12.629 [error] <0.275.0>@ale:call_wait_response_tx_complete:1158 call_wait_response_tx_complete: datalink timeout: check modem!
2018-04-27 11:58:44.991 [error] <0.272.0> Supervisor backend_sup had child pa_control_port started with pa_control_port:start_link() at <0.274.0> exit with reason normal in context shutdown_error
2018-04-27 11:58:44.991 [error] <0.272.0> Supervisor backend_sup had child radio_control_port started with radio_control_port:start_link() at <0.273.0> exit with reason normal in context shutdown_error
2018-04-27 22:11:38.551 [error] <0.275.0>@ale:call_wait_response_tx_complete:1189 call_wait_response_tx_complete: datalink timeout: check modem!
2018-04-27 22:20:55.875 [error] <0.272.0> Supervisor backend_sup had child pa_control_port started with pa_control_port:start_link() at <0.274.0> exit with reason normal in context shutdown_error
2018-04-27 22:20:55.875 [error] <0.272.0> Supervisor backend_sup had child radio_control_port started with radio_control_port:start_link() at <0.273.0> exit with reason normal in context shutdown_error
